   [36m[1m[2026-02-14 15:52:51]    æ‰§è¡Œï¼š    [0m[32mwelcome.mp3[0m
   [36m[1m[2026-02-14 15:52:51]    æ‰§è¡Œï¼š    [0m[32minput:1 >>> æŸ¥çœ‹æ’­æ”¾åˆ—è¡¨,è¿›å…¥æ’­æ”¾åˆ—è¡¨[0m
   [36m[1m[2026-02-14 15:52:52]    æ‰§è¡Œï¼š    [0m[32mwelcome.mp3[0m
   [36m[1m[2026-02-14 15:52:52]    æ‰§è¡Œï¼š    [0m[32minput:1 >>> æŸ¥çœ‹æ’­æ”¾åˆ—è¡¨,è¿›å…¥æ’­æ”¾åˆ—è¡¨[0m
   [36m[1m[2026-02-14 15:57:32]    æ‰§è¡Œï¼š    [0m[32minput: last >>> è¿”å›žä¸»èœå•[0m
   [36m[1m[2026-02-14 15:57:32]    æ‰§è¡Œï¼š    [0m[32minput:1 >>> æŸ¥çœ‹æ’­æ”¾åˆ—è¡¨,è¿›å…¥æ’­æ”¾åˆ—è¡¨[0m
   [36m[1m[2026-02-14 15:57:34]    æ‰§è¡Œï¼š    [0m[32minput:2 >>> å¼€å§‹/æš‚åœ[0m
   [36m[1m[2026-02-14 15:57:37]    æ‰§è¡Œï¼š    [0m[32minput:2 >>> å¼€å§‹/æš‚åœ[0m
   [36m[1m[2026-02-14 16:14:06]    æ‰§è¡Œï¼š    [0m[32merror!!!è¾“å…¥è¶Šç•Œï¼Œè¯·é‡æ–°è¾“å…¥ï¼ï¼ï¼[0m
   [36m[1m[2026-02-14 16:14:08]    æ‰§è¡Œï¼š    [0m[32merror!!!è¾“å…¥è¶Šç•Œï¼Œè¯·é‡æ–°è¾“å…¥ï¼ï¼ï¼[0m
   [36m[1m[2026-02-14 16:14:08]    æ‰§è¡Œï¼š    [0m[32merror!!!è¾“å…¥è¶Šç•Œï¼Œè¯·é‡æ–°è¾“å…¥ï¼ï¼ï¼[0m
   [36m[1m[2026-02-14 16:14:10]    æ‰§è¡Œï¼š    [0m[32merror!!!è¾“å…¥è¶Šç•Œï¼Œè¯·é‡æ–°è¾“å…¥ï¼ï¼ï¼[0m
   [36m[1m[2026-02-14 16:14:10]    æ‰§è¡Œï¼š    [0m[32merror!!!è¾“å…¥è¶Šç•Œï¼Œè¯·é‡æ–°è¾“å…¥ï¼ï¼ï¼[0m
   [36m[1m[2026-02-14 16:14:12]    æ‰§è¡Œï¼š    [0m[32merror!!!è¾“å…¥è¶Šç•Œï¼Œè¯·é‡æ–°è¾“å…¥ï¼ï¼ï¼[0m
   [36m[1m[2026-02-14 16:14:12]    æ‰§è¡Œï¼š    [0m[32merror!!!è¾“å…¥è¶Šç•Œï¼Œè¯·é‡æ–°è¾“å…¥ï¼ï¼ï¼[0m
   [36m[1m[2026-02-14 16:14:14]    æ‰§è¡Œï¼š    [0m[32merror!!!è¾“å…¥è¶Šç•Œï¼Œè¯·é‡æ–°è¾“å…¥ï¼ï¼ï¼[0m
   [36m[1m[2026-02-14 16:14:14]    æ‰§è¡Œï¼š    [0m[32merror!!!è¾“å…¥è¶Šç•Œï¼Œè¯·é‡æ–°è¾“å…¥ï¼ï¼ï¼[0m
   [36m[1m[2026-02-14 16:14:16]    æ‰§è¡Œï¼š    [0m[32merror!!!è¾“å…¥è¶Šç•Œï¼Œè¯·é‡æ–°è¾“å…¥ï¼ï¼ï¼[0m
   [36m[1m[2026-02-14 16:14:16]    æ‰§è¡Œï¼š    [0m[32merror!!!è¾“å…¥è¶Šç•Œï¼Œè¯·é‡æ–°è¾“å…¥ï¼ï¼ï¼[0m
   [36m[1m[2026-02-14 16:14:18]    æ‰§è¡Œï¼š    [0m[32merror!!!è¾“å…¥è¶Šç•Œï¼Œè¯·é‡æ–°è¾“å…¥ï¼ï¼ï¼[0m
   [36m[1m[2026-02-14 16:14:18]    æ‰§è¡Œï¼š    [0m[32merror!!!è¾“å…¥è¶Šç•Œï¼Œè¯·é‡æ–°è¾“å…¥ï¼ï¼ï¼[0m
   [36m[1m[2026-02-14 16:14:20]    æ‰§è¡Œï¼š    [0m[32merror!!!è¾“å…¥è¶Šç•Œï¼Œè¯·é‡æ–°è¾“å…¥ï¼ï¼ï¼[0m
   [36m[1m[2026-02-14 16:14:20]    æ‰§è¡Œï¼š    [0m[32merror!!!è¾“å…¥è¶Šç•Œï¼Œè¯·é‡æ–°è¾“å…¥ï¼ï¼ï¼[0m
   [36m[1m[2026-02-14 16:14:22]    æ‰§è¡Œï¼š    [0m[32merror!!!è¾“å…¥è¶Šç•Œï¼Œè¯·é‡æ–°è¾“å…¥ï¼ï¼ï¼[0m
   [36m[1m[2026-02-14 16:14:22]    æ‰§è¡Œï¼š    [0m[32merror!!!è¾“å…¥è¶Šç•Œï¼Œè¯·é‡æ–°è¾“å…¥ï¼ï¼ï¼[0m
   [36m[1m[2026-02-14 16:14:24]    æ‰§è¡Œï¼š    [0m[32merror!!!è¾“å…¥è¶Šç•Œï¼Œè¯·é‡æ–°è¾“å…¥ï¼ï¼ï¼[0m
   [36m[1m[2026-02-14 16:14:24]    æ‰§è¡Œï¼š    [0m[32merror!!!è¾“å…¥è¶Šç•Œï¼Œè¯·é‡æ–°è¾“å…¥ï¼ï¼ï¼[0m
   [36m[1m[2026-02-14 16:14:26]    æ‰§è¡Œï¼š    [0m[32merror!!!è¾“å…¥è¶Šç•Œï¼Œè¯·é‡æ–°è¾“å…¥ï¼ï¼ï¼[0m
   [36m[1m[2026-02-14 16:14:26]    æ‰§è¡Œï¼š    [0m[32merror!!!è¾“å…¥è¶Šç•Œï¼Œè¯·é‡æ–°è¾“å…¥ï¼ï¼ï¼[0m
   [36m[1m[2026-02-14 16:14:26]    æ‰§è¡Œï¼š    [0m[32merror!!!è¾“å…¥è¶Šç•Œï¼Œè¯·é‡æ–°è¾“å…¥ï¼ï¼ï¼[0m
   [36m[1m[2026-02-14 16:14:28]    æ‰§è¡Œï¼š    [0m[32merror!!!è¾“å…¥è¶Šç•Œï¼Œè¯·é‡æ–°è¾“å…¥ï¼ï¼ï¼[0m
   [36m[1m[2026-02-14 16:14:28]    æ‰§è¡Œï¼š    [0m[32merror!!!è¾“å…¥è¶Šç•Œï¼Œè¯·é‡æ–°è¾“å…¥ï¼ï¼ï¼[0m
   [36m[1m[2026-02-14 16:14:28]    æ‰§è¡Œï¼š    [0m[32merror!!!è¾“å…¥è¶Šç•Œï¼Œè¯·é‡æ–°è¾“å…¥ï¼ï¼ï¼[0m
   [36m[1m[2026-02-14 16:14:30]    æ‰§è¡Œï¼š    [0m[32merror!!!è¾“å…¥è¶Šç•Œï¼Œè¯·é‡æ–°è¾“å…¥ï¼ï¼ï¼[0m
   [36m[1m[2026-02-14 16:14:30]    æ‰§è¡Œï¼š    [0m[32merror!!!è¾“å…¥è¶Šç•Œï¼Œè¯·é‡æ–°è¾“å…¥ï¼ï¼ï¼[0m
   [36m[1m[2026-02-14 16:14:30]    æ‰§è¡Œï¼š    [0m[32merror!!!è¾“å…¥è¶Šç•Œï¼Œè¯·é‡æ–°è¾“å…¥ï¼ï¼ï¼[0m
   [36m[1m[2026-02-14 16:14:32]    æ‰§è¡Œï¼š    [0m[32merror!!!è¾“å…¥è¶Šç•Œï¼Œè¯·é‡æ–°è¾“å…¥ï¼ï¼ï¼[0m
   [36m[1m[2026-02-14 16:14:32]    æ‰§è¡Œï¼š    [0m[32merror!!!è¾“å…¥è¶Šç•Œï¼Œè¯·é‡æ–°è¾“å…¥ï¼ï¼ï¼[0m
   [36m[1m[2026-02-14 16:14:32]    æ‰§è¡Œï¼š    [0m[32merror!!!è¾“å…¥è¶Šç•Œï¼Œè¯·é‡æ–°è¾“å…¥ï¼ï¼ï¼[0m
   [36m[1m[2026-02-14 16:14:34]    æ‰§è¡Œï¼š    [0m[32merror!!!è¾“å…¥è¶Šç•Œï¼Œè¯·é‡æ–°è¾“å…¥ï¼ï¼ï¼[0m
   [36m[1m[2026-02-14 16:14:34]    æ‰§è¡Œï¼š    [0m[32merror!!!è¾“å…¥è¶Šç•Œï¼Œè¯·é‡æ–°è¾“å…¥ï¼ï¼ï¼[0m
   [36m[1m[2026-02-14 16:14:34]    æ‰§è¡Œï¼š    [0m[32merror!!!è¾“å…¥è¶Šç•Œï¼Œè¯·é‡æ–°è¾“å…¥ï¼ï¼ï¼[0m
   [36m[1m[2026-02-14 16:14:36]    æ‰§è¡Œï¼š    [0m[32merror!!!è¾“å…¥è¶Šç•Œï¼Œè¯·é‡æ–°è¾“å…¥ï¼ï¼ï¼[0m
   [36m[1m[2026-02-14 16:14:36]    æ‰§è¡Œï¼š    [0m[32merror!!!è¾“å…¥è¶Šç•Œï¼Œè¯·é‡æ–°è¾“å…¥ï¼ï¼ï¼[0m
   [36m[1m[2026-02-14 16:14:36]    æ‰§è¡Œï¼š    [0m[32merror!!!è¾“å…¥è¶Šç•Œï¼Œè¯·é‡æ–°è¾“å…¥ï¼ï¼ï¼[0m
   [36m[1m[2026-02-14 16:14:38]    æ‰§è¡Œï¼š    [0m[32merror!!!è¾“å…¥è¶Šç•Œï¼Œè¯·é‡æ–°è¾“å…¥ï¼ï¼ï¼[0m
   [36m[1m[2026-02-14 16:14:38]    æ‰§è¡Œï¼š    [0m[32merror!!!è¾“å…¥è¶Šç•Œï¼Œè¯·é‡æ–°è¾“å…¥ï¼ï¼ï¼[0m
   [36m[1m[2026-02-14 16:14:38]    æ‰§è¡Œï¼š    [0m[32merror!!!è¾“å…¥è¶Šç•Œï¼Œè¯·é‡æ–°è¾“å…¥ï¼ï¼ï¼[0m
   [36m[1m[2026-02-14 16:14:40]    æ‰§è¡Œï¼š    [0m[32merror!!!è¾“å…¥è¶Šç•Œï¼Œè¯·é‡æ–°è¾“å…¥ï¼ï¼ï¼[0m
   [36m[1m[2026-02-14 16:14:40]    æ‰§è¡Œï¼š    [0m[32merror!!!è¾“å…¥è¶Šç•Œï¼Œè¯·é‡æ–°è¾“å…¥ï¼ï¼ï¼[0m
   [36m[1m[2026-02-14 16:14:40]    æ‰§è¡Œï¼š    [0m[32merror!!!è¾“å…¥è¶Šç•Œï¼Œè¯·é‡æ–°è¾“å…¥ï¼ï¼ï¼[0m
   [36m[1m[2026-02-14 16:14:42]    æ‰§è¡Œï¼š    [0m[32merror!!!è¾“å…¥è¶Šç•Œï¼Œè¯·é‡æ–°è¾“å…¥ï¼ï¼ï¼[0m
   [36m[1m[2026-02-14 16:14:42]    æ‰§è¡Œï¼š    [0m[32merror!!!è¾“å…¥è¶Šç•Œï¼Œè¯·é‡æ–°è¾“å…¥ï¼ï¼ï¼[0m
   [36m[1m[2026-02-14 16:14:42]    æ‰§è¡Œï¼š    [0m[32merror!!!è¾“å…¥è¶Šç•Œï¼Œè¯·é‡æ–°è¾“å…¥ï¼ï¼ï¼[0m
   [36m[1m[2026-02-14 16:14:44]    æ‰§è¡Œï¼š    [0m[32merror!!!è¾“å…¥è¶Šç•Œï¼Œè¯·é‡æ–°è¾“å…¥ï¼ï¼ï¼[0m
   [36m[1m[2026-02-14 16:14:44]    æ‰§è¡Œï¼š    [0m[32merror!!!è¾“å…¥è¶Šç•Œï¼Œè¯·é‡æ–°è¾“å…¥ï¼ï¼ï¼[0m
   [36m[1m[2026-02-14 16:14:44]    æ‰§è¡Œï¼š    [0m[32merror!!!è¾“å…¥è¶Šç•Œï¼Œè¯·é‡æ–°è¾“å…¥ï¼ï¼ï¼[0m
   [36m[1m[2026-02-14 16:14:46]    æ‰§è¡Œï¼š    [0m[32merror!!!è¾“å…¥è¶Šç•Œï¼Œè¯·é‡æ–°è¾“å…¥ï¼ï¼ï¼[0m
   [36m[1m[2026-02-14 16:14:46]    æ‰§è¡Œï¼š    [0m[32merror!!!è¾“å…¥è¶Šç•Œï¼Œè¯·é‡æ–°è¾“å…¥ï¼ï¼ï¼[0m
   [36m[1m[2026-02-14 16:14:46]    æ‰§è¡Œï¼š    [0m[32merror!!!è¾“å…¥è¶Šç•Œï¼Œè¯·é‡æ–°è¾“å…¥ï¼ï¼ï¼[0m
   [36m[1m[2026-02-14 16:14:48]    æ‰§è¡Œï¼š    [0m[32merror!!!è¾“å…¥è¶Šç•Œï¼Œè¯·é‡æ–°è¾“å…¥ï¼ï¼ï¼[0m
   [36m[1m[2026-02-14 16:14:48]    æ‰§è¡Œï¼š    [0m[32merror!!!è¾“å…¥è¶Šç•Œï¼Œè¯·é‡æ–°è¾“å…¥ï¼ï¼ï¼[0m
   [36m[1m[2026-02-14 16:14:48]    æ‰§è¡Œï¼š    [0m[32merror!!!è¾“å…¥è¶Šç•Œï¼Œè¯·é‡æ–°è¾“å…¥ï¼ï¼ï¼[0m
   [36m[1m[2026-02-14 16:14:50]    æ‰§è¡Œï¼š    [0m[32merror!!!è¾“å…¥è¶Šç•Œï¼Œè¯·é‡æ–°è¾“å…¥ï¼ï¼ï¼[0m
   [36m[1m[2026-02-14 16:14:50]    æ‰§è¡Œï¼š    [0m[32merror!!!è¾“å…¥è¶Šç•Œï¼Œè¯·é‡æ–°è¾“å…¥ï¼ï¼ï¼[0m
   [36m[1m[2026-02-14 16:14:50]    æ‰§è¡Œï¼š    [0m[32merror!!!è¾“å…¥è¶Šç•Œï¼Œè¯·é‡æ–°è¾“å…¥ï¼ï¼ï¼[0m
   [36m[1m[2026-02-14 16:14:52]    æ‰§è¡Œï¼š    [0m[32merror!!!è¾“å…¥è¶Šç•Œï¼Œè¯·é‡æ–°è¾“å…¥ï¼ï¼ï¼[0m
   [36m[1m[2026-02-14 16:14:52]    æ‰§è¡Œï¼š    [0m[32merror!!!è¾“å…¥è¶Šç•Œï¼Œè¯·é‡æ–°è¾“å…¥ï¼ï¼ï¼[0m
   [36m[1m[2026-02-14 16:14:52]    æ‰§è¡Œï¼š    [0m[32merror!!!è¾“å…¥è¶Šç•Œï¼Œè¯·é‡æ–°è¾“å…¥ï¼ï¼ï¼[0m
   [36m[1m[2026-02-14 16:14:54]    æ‰§è¡Œï¼š    [0m[32merror!!!è¾“å…¥è¶Šç•Œï¼Œè¯·é‡æ–°è¾“å…¥ï¼ï¼ï¼[0m
   [36m[1m[2026-02-14 16:14:54]    æ‰§è¡Œï¼š    [0m[32merror!!!è¾“å…¥è¶Šç•Œï¼Œè¯·é‡æ–°è¾“å…¥ï¼ï¼ï¼[0m
   [36m[1m[2026-02-14 16:14:54]    æ‰§è¡Œï¼š    [0m[32merror!!!è¾“å…¥è¶Šç•Œï¼Œè¯·é‡æ–°è¾“å…¥ï¼ï¼ï¼[0m
   [36m[1m[2026-02-14 16:14:56]    æ‰§è¡Œï¼š    [0m[32merror!!!è¾“å…¥è¶Šç•Œï¼Œè¯·é‡æ–°è¾“å…¥ï¼ï¼ï¼[0m
   [36m[1m[2026-02-14 16:14:56]    æ‰§è¡Œï¼š    [0m[32merror!!!è¾“å…¥è¶Šç•Œï¼Œè¯·é‡æ–°è¾“å…¥ï¼ï¼ï¼[0m
   [36m[1m[2026-02-14 16:14:56]    æ‰§è¡Œï¼š    [0m[32merror!!!è¾“å…¥è¶Šç•Œï¼Œè¯·é‡æ–°è¾“å…¥ï¼ï¼ï¼[0m
   [36m[1m[2026-02-14 16:14:58]    æ‰§è¡Œï¼š    [0m[32merror!!!è¾“å…¥è¶Šç•Œï¼Œè¯·é‡æ–°è¾“å…¥ï¼ï¼ï¼[0m
   [36m[1m[2026-02-14 16:14:58]    æ‰§è¡Œï¼š    [0m[32merror!!!è¾“å…¥è¶Šç•Œï¼Œè¯·é‡æ–°è¾“å…¥ï¼ï¼ï¼[0m
   [36m[1m[2026-02-14 16:14:58]    æ‰§è¡Œï¼š    [0m[32merror!!!è¾“å…¥è¶Šç•Œï¼Œè¯·é‡æ–°è¾“å…¥ï¼ï¼ï¼[0m
   [36m[1m[2026-02-14 16:15:00]    æ‰§è¡Œï¼š    [0m[32merror!!!è¾“å…¥è¶Šç•Œï¼Œè¯·é‡æ–°è¾“å…¥ï¼ï¼ï¼[0m
   [36m[1m[2026-02-14 16:15:00]    æ‰§è¡Œï¼š    [0m[32merror!!!è¾“å…¥è¶Šç•Œï¼Œè¯·é‡æ–°è¾“å…¥ï¼ï¼ï¼[0m
   [36m[1m[2026-02-14 16:15:00]    æ‰§è¡Œï¼š    [0m[32merror!!!è¾“å…¥è¶Šç•Œï¼Œè¯·é‡æ–°è¾“å…¥ï¼ï¼ï¼[0m
   [36m[1m[2026-02-14 16:15:02]    æ‰§è¡Œï¼š    [0m[32merror!!!è¾“å…¥è¶Šç•Œï¼Œè¯·é‡æ–°è¾“å…¥ï¼ï¼ï¼[0m
   [36m[1m[2026-02-14 16:15:02]    æ‰§è¡Œï¼š    [0m[32merror!!!è¾“å…¥è¶Šç•Œï¼Œè¯·é‡æ–°è¾“å…¥ï¼ï¼ï¼[0m
   [36m[1m[2026-02-14 16:15:02]    æ‰§è¡Œï¼š    [0m[32merror!!!è¾“å…¥è¶Šç•Œï¼Œè¯·é‡æ–°è¾“å…¥ï¼ï¼ï¼[0m
   [36m[1m[2026-02-14 16:33:40]    æ‰§è¡Œï¼š    [0m[32mSpring.mp3[0m
   [36m[1m[2026-02-14 16:33:40]    æ‰§è¡Œï¼š    [0m[32minput:1 >>> æŸ¥çœ‹æ’­æ”¾åˆ—è¡¨,è¿›å…¥æ’­æ”¾åˆ—è¡¨[0m
   [36m[1m[2026-02-14 16:34:46]    æ‰§è¡Œï¼š    [0m[32mSpring.mp3[0m
   [36m[1m[2026-02-14 16:34:46]    æ‰§è¡Œï¼š    [0m[32minput:1 >>> æŸ¥çœ‹æ’­æ”¾åˆ—è¡¨,è¿›å…¥æ’­æ”¾åˆ—è¡¨[0m
   [36m[1m[2026-02-14 16:44:14]    æ‰§è¡Œï¼š    [0m[32mSpring.mp3[0m
   [36m[1m[2026-02-14 16:44:14]    æ‰§è¡Œï¼š    [0m[32minput:1 >>> æŸ¥çœ‹æ’­æ”¾åˆ—è¡¨,è¿›å…¥æ’­æ”¾åˆ—è¡¨[0m
